


ARM Macro Assembler    Page 1 


    1 00000000         ; Copyright (c) 2009 Nordic Semiconductor. All Rights Re
                       served.
    2 00000000         ; The information contained herein is confidential prope
                       rty of Nordic
    3 00000000         ; Semiconductor ASA.Terms and conditions of usage are de
                       scribed in detail
    4 00000000         ; in NORDIC SEMICONDUCTOR STANDARD SOFTWARE LICENSE AGRE
                       EMENT.
    5 00000000         ; Licensees are granted free, non-transferable use of th
                       e information. NO
    6 00000000         ; WARRANTY of ANY KIND is provided. This heading must NO
                       T be removed from
    7 00000000         ; the file.
    8 00000000         
    9 00000000         ; Description message
   10 00000000         
   11 00000000 00000800 
                       Stack_Size
                               EQU              2048
   12 00000000                 AREA             STACK, NOINIT, READWRITE, ALIGN
=3
   13 00000000         Stack_Mem
                               SPACE            Stack_Size
   14 00000800         __initial_sp
   15 00000800         
   16 00000800 00000800 
                       Heap_Size
                               EQU              2048
   17 00000800         
   18 00000800                 AREA             HEAP, NOINIT, READWRITE, ALIGN=
3
   19 00000000         __heap_base
   20 00000000         Heap_Mem
                               SPACE            Heap_Size
   21 00000800         __heap_limit
   22 00000800         
   23 00000800                 PRESERVE8
   24 00000800                 THUMB
   25 00000800         
   26 00000800         ; Vector Table Mapped to Address 0 at Reset
   27 00000800         
   28 00000800                 AREA             RESET, DATA, READONLY
   29 00000000                 EXPORT           __Vectors
   30 00000000                 EXPORT           __Vectors_End
   31 00000000                 EXPORT           __Vectors_Size
   32 00000000         
   33 00000000 00000000 
                       __Vectors
                               DCD              __initial_sp ; Top of Stack
   34 00000004 00000000        DCD              Reset_Handler ; Reset Handler
   35 00000008 00000000        DCD              NMI_Handler ; NMI Handler
   36 0000000C 00000000        DCD              HardFault_Handler ; Hard Fault 
                                                            Handler
   37 00000010 00000000        DCD              0           ; Reserved
   38 00000014 00000000        DCD              0           ; Reserved
   39 00000018 00000000        DCD              0           ; Reserved
   40 0000001C 00000000        DCD              0           ; Reserved
   41 00000020 00000000        DCD              0           ; Reserved
   42 00000024 00000000        DCD              0           ; Reserved



ARM Macro Assembler    Page 2 


   43 00000028 00000000        DCD              0           ; Reserved
   44 0000002C 00000000        DCD              SVC_Handler ; SVCall Handler
   45 00000030 00000000        DCD              0           ; Reserved
   46 00000034 00000000        DCD              0           ; Reserved
   47 00000038 00000000        DCD              PendSV_Handler ; PendSV Handler
                                                            
   48 0000003C 00000000        DCD              SysTick_Handler 
                                                            ; SysTick Handler
   49 00000040         
   50 00000040         ; External Interrupts
   51 00000040 00000000        DCD              POWER_CLOCK_IRQHandler 
                                                            ;POWER_CLOCK
   52 00000044 00000000        DCD              RADIO_IRQHandler ;RADIO
   53 00000048 00000000        DCD              UART0_IRQHandler ;UART0
   54 0000004C 00000000        DCD              SPI0_TWI0_IRQHandler ;SPI0_TWI0
                                                            
   55 00000050 00000000        DCD              SPI1_TWI1_IRQHandler ;SPI1_TWI1
                                                            
   56 00000054 00000000        DCD              0           ;Reserved
   57 00000058 00000000        DCD              GPIOTE_IRQHandler ;GPIOTE
   58 0000005C 00000000        DCD              ADC_IRQHandler ;ADC
   59 00000060 00000000        DCD              TIMER0_IRQHandler ;TIMER0
   60 00000064 00000000        DCD              TIMER1_IRQHandler ;TIMER1
   61 00000068 00000000        DCD              TIMER2_IRQHandler ;TIMER2
   62 0000006C 00000000        DCD              RTC0_IRQHandler ;RTC0
   63 00000070 00000000        DCD              TEMP_IRQHandler ;TEMP
   64 00000074 00000000        DCD              RNG_IRQHandler ;RNG
   65 00000078 00000000        DCD              ECB_IRQHandler ;ECB
   66 0000007C 00000000        DCD              CCM_AAR_IRQHandler ;CCM_AAR
   67 00000080 00000000        DCD              WDT_IRQHandler ;WDT
   68 00000084 00000000        DCD              RTC1_IRQHandler ;RTC1
   69 00000088 00000000        DCD              QDEC_IRQHandler ;QDEC
   70 0000008C 00000000        DCD              WUCOMP_COMP_IRQHandler 
                                                            ;WUCOMP_COMP
   71 00000090 00000000        DCD              SWI0_IRQHandler ;SWI0
   72 00000094 00000000        DCD              SWI1_IRQHandler ;SWI1
   73 00000098 00000000        DCD              SWI2_IRQHandler ;SWI2
   74 0000009C 00000000        DCD              SWI3_IRQHandler ;SWI3
   75 000000A0 00000000        DCD              SWI4_IRQHandler ;SWI4
   76 000000A4 00000000        DCD              SWI5_IRQHandler ;SWI5
   77 000000A8 00000000        DCD              0           ;Reserved
   78 000000AC 00000000        DCD              0           ;Reserved
   79 000000B0 00000000        DCD              0           ;Reserved
   80 000000B4 00000000        DCD              0           ;Reserved
   81 000000B8 00000000        DCD              0           ;Reserved
   82 000000BC 00000000        DCD              0           ;Reserved
   83 000000C0         
   84 000000C0         
   85 000000C0         __Vectors_End
   86 000000C0         
   87 000000C0 000000C0 
                       __Vectors_Size
                               EQU              __Vectors_End - __Vectors
   88 000000C0         
   89 000000C0                 AREA             |.text|, CODE, READONLY
   90 00000000         
   91 00000000         ; Reset Handler
   92 00000000         
   93 00000000 40000524 



ARM Macro Assembler    Page 3 


                       NRF_POWER_RAMON_ADDRESS
                               EQU              0x40000524  ; NRF_POWER->RAMON 
                                                            address
   94 00000000 0000000F 
                       NRF_POWER_RAMON_RAMxON_ONMODE_Msk
                               EQU              0xF         ; All RAM blocks on
                                                             in onmode bit mask
                                                            
   95 00000000         
   96 00000000         Reset_Handler
                               PROC
   97 00000000                 EXPORT           Reset_Handler             [WEAK
]
   98 00000000                 IMPORT           SystemInit
   99 00000000                 IMPORT           __main
  100 00000000 480A            LDR              R0, =NRF_POWER_RAMON_ADDRESS
  101 00000002 6802            LDR              R2, [R0]
  102 00000004 210F            MOVS             R1, #NRF_POWER_RAMON_RAMxON_ONM
ODE_Msk
  103 00000006 430A            ORRS             R2, R2, R1
  104 00000008 6002            STR              R2, [R0]
  105 0000000A 4809            LDR              R0, =SystemInit
  106 0000000C 4780            BLX              R0
  107 0000000E 4809            LDR              R0, =__main
  108 00000010 4700            BX               R0
  109 00000012                 ENDP
  110 00000012         
  111 00000012         ; Dummy Exception Handlers (infinite loops which can be 
                       modified)
  112 00000012         
  113 00000012         NMI_Handler
                               PROC
  114 00000012                 EXPORT           NMI_Handler               [WEAK
]
  115 00000012 E7FE            B                .
  116 00000014                 ENDP
  118 00000014         HardFault_Handler
                               PROC
  119 00000014                 EXPORT           HardFault_Handler         [WEAK
]
  120 00000014 E7FE            B                .
  121 00000016                 ENDP
  122 00000016         SVC_Handler
                               PROC
  123 00000016                 EXPORT           SVC_Handler               [WEAK
]
  124 00000016 E7FE            B                .
  125 00000018                 ENDP
  126 00000018         PendSV_Handler
                               PROC
  127 00000018                 EXPORT           PendSV_Handler            [WEAK
]
  128 00000018 E7FE            B                .
  129 0000001A                 ENDP
  130 0000001A         SysTick_Handler
                               PROC
  131 0000001A                 EXPORT           SysTick_Handler           [WEAK
]
  132 0000001A E7FE            B                .



ARM Macro Assembler    Page 4 


  133 0000001C                 ENDP
  134 0000001C         
  135 0000001C         Default_Handler
                               PROC
  136 0000001C         
  137 0000001C                 EXPORT           POWER_CLOCK_IRQHandler [WEAK]
  138 0000001C                 EXPORT           RADIO_IRQHandler [WEAK]
  139 0000001C                 EXPORT           UART0_IRQHandler [WEAK]
  140 0000001C                 EXPORT           SPI0_TWI0_IRQHandler [WEAK]
  141 0000001C                 EXPORT           SPI1_TWI1_IRQHandler [WEAK]
  142 0000001C                 EXPORT           GPIOTE_IRQHandler [WEAK]
  143 0000001C                 EXPORT           ADC_IRQHandler [WEAK]
  144 0000001C                 EXPORT           TIMER0_IRQHandler [WEAK]
  145 0000001C                 EXPORT           TIMER1_IRQHandler [WEAK]
  146 0000001C                 EXPORT           TIMER2_IRQHandler [WEAK]
  147 0000001C                 EXPORT           RTC0_IRQHandler [WEAK]
  148 0000001C                 EXPORT           TEMP_IRQHandler [WEAK]
  149 0000001C                 EXPORT           RNG_IRQHandler [WEAK]
  150 0000001C                 EXPORT           ECB_IRQHandler [WEAK]
  151 0000001C                 EXPORT           CCM_AAR_IRQHandler [WEAK]
  152 0000001C                 EXPORT           WDT_IRQHandler [WEAK]
  153 0000001C                 EXPORT           RTC1_IRQHandler [WEAK]
  154 0000001C                 EXPORT           QDEC_IRQHandler [WEAK]
  155 0000001C                 EXPORT           WUCOMP_COMP_IRQHandler [WEAK]
  156 0000001C                 EXPORT           SWI0_IRQHandler [WEAK]
  157 0000001C                 EXPORT           SWI1_IRQHandler [WEAK]
  158 0000001C                 EXPORT           SWI2_IRQHandler [WEAK]
  159 0000001C                 EXPORT           SWI3_IRQHandler [WEAK]
  160 0000001C                 EXPORT           SWI4_IRQHandler [WEAK]
  161 0000001C                 EXPORT           SWI5_IRQHandler [WEAK]
  162 0000001C         POWER_CLOCK_IRQHandler
  163 0000001C         RADIO_IRQHandler
  164 0000001C         UART0_IRQHandler
  165 0000001C         SPI0_TWI0_IRQHandler
  166 0000001C         SPI1_TWI1_IRQHandler
  167 0000001C         GPIOTE_IRQHandler
  168 0000001C         ADC_IRQHandler
  169 0000001C         TIMER0_IRQHandler
  170 0000001C         TIMER1_IRQHandler
  171 0000001C         TIMER2_IRQHandler
  172 0000001C         RTC0_IRQHandler
  173 0000001C         TEMP_IRQHandler
  174 0000001C         RNG_IRQHandler
  175 0000001C         ECB_IRQHandler
  176 0000001C         CCM_AAR_IRQHandler
  177 0000001C         WDT_IRQHandler
  178 0000001C         RTC1_IRQHandler
  179 0000001C         QDEC_IRQHandler
  180 0000001C         WUCOMP_COMP_IRQHandler
  181 0000001C         SWI0_IRQHandler
  182 0000001C         SWI1_IRQHandler
  183 0000001C         SWI2_IRQHandler
  184 0000001C         SWI3_IRQHandler
  185 0000001C         SWI4_IRQHandler
  186 0000001C         SWI5_IRQHandler
  187 0000001C         
  188 0000001C E7FE            B                .
  189 0000001E                 ENDP
  190 0000001E 00 00           ALIGN



ARM Macro Assembler    Page 5 


  191 00000020         
  192 00000020         ; User Initial Stack & Heap
  193 00000020         
  194 00000020                 IF               :DEF:__MICROLIB
  201 00000020         
  202 00000020                 IMPORT           __use_two_region_memory
  203 00000020                 EXPORT           __user_initial_stackheap
  204 00000020         __user_initial_stackheap
  205 00000020         
  206 00000020 4805            LDR              R0, = Heap_Mem
  207 00000022 4906            LDR              R1, = (Stack_Mem + Stack_Size)
  208 00000024 4A06            LDR              R2, = (Heap_Mem + Heap_Size)
  209 00000026 4B07            LDR              R3, = Stack_Mem
  210 00000028 4770            BX               LR
  211 0000002A         
  212 0000002A 00 00           ALIGN
  213 0000002C         
  214 0000002C                 ENDIF
  215 0000002C         
  216 0000002C                 END
              40000524 
              00000000 
              00000000 
              00000000 
              00000800 
              00000800 
              00000000 
Command Line: --debug --xref --cpu=Cortex-M0 --apcs=interwork --depend=.\_build
\arm_startup_nrf51.d -o.\_build\arm_startup_nrf51.o -IC:\Keil\ARM\RV31\INC -IC:
\Keil\ARM\CMSIS\Include -IC:\Keil\ARM\Device\Nordic\nRF51822\Include --predefin
e="__EVAL SETA 1" --list=.\_build\arm_startup_nrf51.lst ..\..\..\..\..\Source\t
emplates\arm\arm_startup_nrf51.s



ARM Macro Assembler    Page 1 Alphabetic symbol ordering
Relocatable symbols

STACK 00000000

Symbol: STACK
   Definitions
      At line 12 in file ..\..\..\..\..\Source\templates\arm\arm_startup_nrf51.
s
   Uses
      None
Comment: STACK unused
Stack_Mem 00000000

Symbol: Stack_Mem
   Definitions
      At line 13 in file ..\..\..\..\..\Source\templates\arm\arm_startup_nrf51.
s
   Uses
      At line 207 in file ..\..\..\..\..\Source\templates\arm\arm_startup_nrf51
.s
      At line 209 in file ..\..\..\..\..\Source\templates\arm\arm_startup_nrf51
.s

__initial_sp 00000800

Symbol: __initial_sp
   Definitions
      At line 14 in file ..\..\..\..\..\Source\templates\arm\arm_startup_nrf51.
s
   Uses
      At line 33 in file ..\..\..\..\..\Source\templates\arm\arm_startup_nrf51.
s
Comment: __initial_sp used once
3 symbols



ARM Macro Assembler    Page 1 Alphabetic symbol ordering
Relocatable symbols

HEAP 00000000

Symbol: HEAP
   Definitions
      At line 18 in file ..\..\..\..\..\Source\templates\arm\arm_startup_nrf51.
s
   Uses
      None
Comment: HEAP unused
Heap_Mem 00000000

Symbol: Heap_Mem
   Definitions
      At line 20 in file ..\..\..\..\..\Source\templates\arm\arm_startup_nrf51.
s
   Uses
      At line 206 in file ..\..\..\..\..\Source\templates\arm\arm_startup_nrf51
.s
      At line 208 in file ..\..\..\..\..\Source\templates\arm\arm_startup_nrf51
.s

__heap_base 00000000

Symbol: __heap_base
   Definitions
      At line 19 in file ..\..\..\..\..\Source\templates\arm\arm_startup_nrf51.
s
   Uses
      None
Comment: __heap_base unused
__heap_limit 00000800

Symbol: __heap_limit
   Definitions
      At line 21 in file ..\..\..\..\..\Source\templates\arm\arm_startup_nrf51.
s
   Uses
      None
Comment: __heap_limit unused
4 symbols



ARM Macro Assembler    Page 1 Alphabetic symbol ordering
Relocatable symbols

RESET 00000000

Symbol: RESET
   Definitions
      At line 28 in file ..\..\..\..\..\Source\templates\arm\arm_startup_nrf51.
s
   Uses
      None
Comment: RESET unused
__Vectors 00000000

Symbol: __Vectors
   Definitions
      At line 33 in file ..\..\..\..\..\Source\templates\arm\arm_startup_nrf51.
s
   Uses
      At line 29 in file ..\..\..\..\..\Source\templates\arm\arm_startup_nrf51.
s
      At line 87 in file ..\..\..\..\..\Source\templates\arm\arm_startup_nrf51.
s

__Vectors_End 000000C0

Symbol: __Vectors_End
   Definitions
      At line 85 in file ..\..\..\..\..\Source\templates\arm\arm_startup_nrf51.
s
   Uses
      At line 30 in file ..\..\..\..\..\Source\templates\arm\arm_startup_nrf51.
s
      At line 87 in file ..\..\..\..\..\Source\templates\arm\arm_startup_nrf51.
s

3 symbols



ARM Macro Assembler    Page 1 Alphabetic symbol ordering
Relocatable symbols

.text 00000000

Symbol: .text
   Definitions
      At line 89 in file ..\..\..\..\..\Source\templates\arm\arm_startup_nrf51.
s
   Uses
      None
Comment: .text unused
ADC_IRQHandler 0000001C

Symbol: ADC_IRQHandler
   Definitions
      At line 168 in file ..\..\..\..\..\Source\templates\arm\arm_startup_nrf51
.s
   Uses
      At line 58 in file ..\..\..\..\..\Source\templates\arm\arm_startup_nrf51.
s
      At line 143 in file ..\..\..\..\..\Source\templates\arm\arm_startup_nrf51
.s

CCM_AAR_IRQHandler 0000001C

Symbol: CCM_AAR_IRQHandler
   Definitions
      At line 176 in file ..\..\..\..\..\Source\templates\arm\arm_startup_nrf51
.s
   Uses
      At line 66 in file ..\..\..\..\..\Source\templates\arm\arm_startup_nrf51.
s
      At line 151 in file ..\..\..\..\..\Source\templates\arm\arm_startup_nrf51
.s

Default_Handler 0000001C

Symbol: Default_Handler
   Definitions
      At line 135 in file ..\..\..\..\..\Source\templates\arm\arm_startup_nrf51
.s
   Uses
      None
Comment: Default_Handler unused
ECB_IRQHandler 0000001C

Symbol: ECB_IRQHandler
   Definitions
      At line 175 in file ..\..\..\..\..\Source\templates\arm\arm_startup_nrf51
.s
   Uses
      At line 65 in file ..\..\..\..\..\Source\templates\arm\arm_startup_nrf51.
s
      At line 150 in file ..\..\..\..\..\Source\templates\arm\arm_startup_nrf51
.s

GPIOTE_IRQHandler 0000001C

Symbol: GPIOTE_IRQHandler
   Definitions
      At line 167 in file ..\..\..\..\..\Source\templates\arm\arm_startup_nrf51



ARM Macro Assembler    Page 2 Alphabetic symbol ordering
Relocatable symbols

.s
   Uses
      At line 57 in file ..\..\..\..\..\Source\templates\arm\arm_startup_nrf51.
s
      At line 142 in file ..\..\..\..\..\Source\templates\arm\arm_startup_nrf51
.s

HardFault_Handler 00000014

Symbol: HardFault_Handler
   Definitions
      At line 118 in file ..\..\..\..\..\Source\templates\arm\arm_startup_nrf51
.s
   Uses
      At line 36 in file ..\..\..\..\..\Source\templates\arm\arm_startup_nrf51.
s
      At line 119 in file ..\..\..\..\..\Source\templates\arm\arm_startup_nrf51
.s

NMI_Handler 00000012

Symbol: NMI_Handler
   Definitions
      At line 113 in file ..\..\..\..\..\Source\templates\arm\arm_startup_nrf51
.s
   Uses
      At line 35 in file ..\..\..\..\..\Source\templates\arm\arm_startup_nrf51.
s
      At line 114 in file ..\..\..\..\..\Source\templates\arm\arm_startup_nrf51
.s

POWER_CLOCK_IRQHandler 0000001C

Symbol: POWER_CLOCK_IRQHandler
   Definitions
      At line 162 in file ..\..\..\..\..\Source\templates\arm\arm_startup_nrf51
.s
   Uses
      At line 51 in file ..\..\..\..\..\Source\templates\arm\arm_startup_nrf51.
s
      At line 137 in file ..\..\..\..\..\Source\templates\arm\arm_startup_nrf51
.s

PendSV_Handler 00000018

Symbol: PendSV_Handler
   Definitions
      At line 126 in file ..\..\..\..\..\Source\templates\arm\arm_startup_nrf51
.s
   Uses
      At line 47 in file ..\..\..\..\..\Source\templates\arm\arm_startup_nrf51.
s
      At line 127 in file ..\..\..\..\..\Source\templates\arm\arm_startup_nrf51
.s

QDEC_IRQHandler 0000001C

Symbol: QDEC_IRQHandler
   Definitions



ARM Macro Assembler    Page 3 Alphabetic symbol ordering
Relocatable symbols

      At line 179 in file ..\..\..\..\..\Source\templates\arm\arm_startup_nrf51
.s
   Uses
      At line 69 in file ..\..\..\..\..\Source\templates\arm\arm_startup_nrf51.
s
      At line 154 in file ..\..\..\..\..\Source\templates\arm\arm_startup_nrf51
.s

RADIO_IRQHandler 0000001C

Symbol: RADIO_IRQHandler
   Definitions
      At line 163 in file ..\..\..\..\..\Source\templates\arm\arm_startup_nrf51
.s
   Uses
      At line 52 in file ..\..\..\..\..\Source\templates\arm\arm_startup_nrf51.
s
      At line 138 in file ..\..\..\..\..\Source\templates\arm\arm_startup_nrf51
.s

RNG_IRQHandler 0000001C

Symbol: RNG_IRQHandler
   Definitions
      At line 174 in file ..\..\..\..\..\Source\templates\arm\arm_startup_nrf51
.s
   Uses
      At line 64 in file ..\..\..\..\..\Source\templates\arm\arm_startup_nrf51.
s
      At line 149 in file ..\..\..\..\..\Source\templates\arm\arm_startup_nrf51
.s

RTC0_IRQHandler 0000001C

Symbol: RTC0_IRQHandler
   Definitions
      At line 172 in file ..\..\..\..\..\Source\templates\arm\arm_startup_nrf51
.s
   Uses
      At line 62 in file ..\..\..\..\..\Source\templates\arm\arm_startup_nrf51.
s
      At line 147 in file ..\..\..\..\..\Source\templates\arm\arm_startup_nrf51
.s

RTC1_IRQHandler 0000001C

Symbol: RTC1_IRQHandler
   Definitions
      At line 178 in file ..\..\..\..\..\Source\templates\arm\arm_startup_nrf51
.s
   Uses
      At line 68 in file ..\..\..\..\..\Source\templates\arm\arm_startup_nrf51.
s
      At line 153 in file ..\..\..\..\..\Source\templates\arm\arm_startup_nrf51
.s

Reset_Handler 00000000

Symbol: Reset_Handler



ARM Macro Assembler    Page 4 Alphabetic symbol ordering
Relocatable symbols

   Definitions
      At line 96 in file ..\..\..\..\..\Source\templates\arm\arm_startup_nrf51.
s
   Uses
      At line 34 in file ..\..\..\..\..\Source\templates\arm\arm_startup_nrf51.
s
      At line 97 in file ..\..\..\..\..\Source\templates\arm\arm_startup_nrf51.
s

SPI0_TWI0_IRQHandler 0000001C

Symbol: SPI0_TWI0_IRQHandler
   Definitions
      At line 165 in file ..\..\..\..\..\Source\templates\arm\arm_startup_nrf51
.s
   Uses
      At line 54 in file ..\..\..\..\..\Source\templates\arm\arm_startup_nrf51.
s
      At line 140 in file ..\..\..\..\..\Source\templates\arm\arm_startup_nrf51
.s

SPI1_TWI1_IRQHandler 0000001C

Symbol: SPI1_TWI1_IRQHandler
   Definitions
      At line 166 in file ..\..\..\..\..\Source\templates\arm\arm_startup_nrf51
.s
   Uses
      At line 55 in file ..\..\..\..\..\Source\templates\arm\arm_startup_nrf51.
s
      At line 141 in file ..\..\..\..\..\Source\templates\arm\arm_startup_nrf51
.s

SVC_Handler 00000016

Symbol: SVC_Handler
   Definitions
      At line 122 in file ..\..\..\..\..\Source\templates\arm\arm_startup_nrf51
.s
   Uses
      At line 44 in file ..\..\..\..\..\Source\templates\arm\arm_startup_nrf51.
s
      At line 123 in file ..\..\..\..\..\Source\templates\arm\arm_startup_nrf51
.s

SWI0_IRQHandler 0000001C

Symbol: SWI0_IRQHandler
   Definitions
      At line 181 in file ..\..\..\..\..\Source\templates\arm\arm_startup_nrf51
.s
   Uses
      At line 71 in file ..\..\..\..\..\Source\templates\arm\arm_startup_nrf51.
s
      At line 156 in file ..\..\..\..\..\Source\templates\arm\arm_startup_nrf51
.s

SWI1_IRQHandler 0000001C




ARM Macro Assembler    Page 5 Alphabetic symbol ordering
Relocatable symbols

Symbol: SWI1_IRQHandler
   Definitions
      At line 182 in file ..\..\..\..\..\Source\templates\arm\arm_startup_nrf51
.s
   Uses
      At line 72 in file ..\..\..\..\..\Source\templates\arm\arm_startup_nrf51.
s
      At line 157 in file ..\..\..\..\..\Source\templates\arm\arm_startup_nrf51
.s

SWI2_IRQHandler 0000001C

Symbol: SWI2_IRQHandler
   Definitions
      At line 183 in file ..\..\..\..\..\Source\templates\arm\arm_startup_nrf51
.s
   Uses
      At line 73 in file ..\..\..\..\..\Source\templates\arm\arm_startup_nrf51.
s
      At line 158 in file ..\..\..\..\..\Source\templates\arm\arm_startup_nrf51
.s

SWI3_IRQHandler 0000001C

Symbol: SWI3_IRQHandler
   Definitions
      At line 184 in file ..\..\..\..\..\Source\templates\arm\arm_startup_nrf51
.s
   Uses
      At line 74 in file ..\..\..\..\..\Source\templates\arm\arm_startup_nrf51.
s
      At line 159 in file ..\..\..\..\..\Source\templates\arm\arm_startup_nrf51
.s

SWI4_IRQHandler 0000001C

Symbol: SWI4_IRQHandler
   Definitions
      At line 185 in file ..\..\..\..\..\Source\templates\arm\arm_startup_nrf51
.s
   Uses
      At line 75 in file ..\..\..\..\..\Source\templates\arm\arm_startup_nrf51.
s
      At line 160 in file ..\..\..\..\..\Source\templates\arm\arm_startup_nrf51
.s

SWI5_IRQHandler 0000001C

Symbol: SWI5_IRQHandler
   Definitions
      At line 186 in file ..\..\..\..\..\Source\templates\arm\arm_startup_nrf51
.s
   Uses
      At line 76 in file ..\..\..\..\..\Source\templates\arm\arm_startup_nrf51.
s
      At line 161 in file ..\..\..\..\..\Source\templates\arm\arm_startup_nrf51
.s

SysTick_Handler 0000001A



ARM Macro Assembler    Page 6 Alphabetic symbol ordering
Relocatable symbols


Symbol: SysTick_Handler
   Definitions
      At line 130 in file ..\..\..\..\..\Source\templates\arm\arm_startup_nrf51
.s
   Uses
      At line 48 in file ..\..\..\..\..\Source\templates\arm\arm_startup_nrf51.
s
      At line 131 in file ..\..\..\..\..\Source\templates\arm\arm_startup_nrf51
.s

TEMP_IRQHandler 0000001C

Symbol: TEMP_IRQHandler
   Definitions
      At line 173 in file ..\..\..\..\..\Source\templates\arm\arm_startup_nrf51
.s
   Uses
      At line 63 in file ..\..\..\..\..\Source\templates\arm\arm_startup_nrf51.
s
      At line 148 in file ..\..\..\..\..\Source\templates\arm\arm_startup_nrf51
.s

TIMER0_IRQHandler 0000001C

Symbol: TIMER0_IRQHandler
   Definitions
      At line 169 in file ..\..\..\..\..\Source\templates\arm\arm_startup_nrf51
.s
   Uses
      At line 59 in file ..\..\..\..\..\Source\templates\arm\arm_startup_nrf51.
s
      At line 144 in file ..\..\..\..\..\Source\templates\arm\arm_startup_nrf51
.s

TIMER1_IRQHandler 0000001C

Symbol: TIMER1_IRQHandler
   Definitions
      At line 170 in file ..\..\..\..\..\Source\templates\arm\arm_startup_nrf51
.s
   Uses
      At line 60 in file ..\..\..\..\..\Source\templates\arm\arm_startup_nrf51.
s
      At line 145 in file ..\..\..\..\..\Source\templates\arm\arm_startup_nrf51
.s

TIMER2_IRQHandler 0000001C

Symbol: TIMER2_IRQHandler
   Definitions
      At line 171 in file ..\..\..\..\..\Source\templates\arm\arm_startup_nrf51
.s
   Uses
      At line 61 in file ..\..\..\..\..\Source\templates\arm\arm_startup_nrf51.
s
      At line 146 in file ..\..\..\..\..\Source\templates\arm\arm_startup_nrf51
.s




ARM Macro Assembler    Page 7 Alphabetic symbol ordering
Relocatable symbols

UART0_IRQHandler 0000001C

Symbol: UART0_IRQHandler
   Definitions
      At line 164 in file ..\..\..\..\..\Source\templates\arm\arm_startup_nrf51
.s
   Uses
      At line 53 in file ..\..\..\..\..\Source\templates\arm\arm_startup_nrf51.
s
      At line 139 in file ..\..\..\..\..\Source\templates\arm\arm_startup_nrf51
.s

WDT_IRQHandler 0000001C

Symbol: WDT_IRQHandler
   Definitions
      At line 177 in file ..\..\..\..\..\Source\templates\arm\arm_startup_nrf51
.s
   Uses
      At line 67 in file ..\..\..\..\..\Source\templates\arm\arm_startup_nrf51.
s
      At line 152 in file ..\..\..\..\..\Source\templates\arm\arm_startup_nrf51
.s

WUCOMP_COMP_IRQHandler 0000001C

Symbol: WUCOMP_COMP_IRQHandler
   Definitions
      At line 180 in file ..\..\..\..\..\Source\templates\arm\arm_startup_nrf51
.s
   Uses
      At line 70 in file ..\..\..\..\..\Source\templates\arm\arm_startup_nrf51.
s
      At line 155 in file ..\..\..\..\..\Source\templates\arm\arm_startup_nrf51
.s

__user_initial_stackheap 00000020

Symbol: __user_initial_stackheap
   Definitions
      At line 204 in file ..\..\..\..\..\Source\templates\arm\arm_startup_nrf51
.s
   Uses
      At line 203 in file ..\..\..\..\..\Source\templates\arm\arm_startup_nrf51
.s
Comment: __user_initial_stackheap used once
34 symbols



ARM Macro Assembler    Page 1 Alphabetic symbol ordering
Absolute symbols

Heap_Size 00000800

Symbol: Heap_Size
   Definitions
      At line 16 in file ..\..\..\..\..\Source\templates\arm\arm_startup_nrf51.
s
   Uses
      At line 20 in file ..\..\..\..\..\Source\templates\arm\arm_startup_nrf51.
s
      At line 208 in file ..\..\..\..\..\Source\templates\arm\arm_startup_nrf51
.s

NRF_POWER_RAMON_ADDRESS 40000524

Symbol: NRF_POWER_RAMON_ADDRESS
   Definitions
      At line 93 in file ..\..\..\..\..\Source\templates\arm\arm_startup_nrf51.
s
   Uses
      At line 100 in file ..\..\..\..\..\Source\templates\arm\arm_startup_nrf51
.s
Comment: NRF_POWER_RAMON_ADDRESS used once
NRF_POWER_RAMON_RAMxON_ONMODE_Msk 0000000F

Symbol: NRF_POWER_RAMON_RAMxON_ONMODE_Msk
   Definitions
      At line 94 in file ..\..\..\..\..\Source\templates\arm\arm_startup_nrf51.
s
   Uses
      At line 102 in file ..\..\..\..\..\Source\templates\arm\arm_startup_nrf51
.s
Comment: NRF_POWER_RAMON_RAMxON_ONMODE_Msk used once
Stack_Size 00000800

Symbol: Stack_Size
   Definitions
      At line 11 in file ..\..\..\..\..\Source\templates\arm\arm_startup_nrf51.
s
   Uses
      At line 13 in file ..\..\..\..\..\Source\templates\arm\arm_startup_nrf51.
s
      At line 207 in file ..\..\..\..\..\Source\templates\arm\arm_startup_nrf51
.s

__Vectors_Size 000000C0

Symbol: __Vectors_Size
   Definitions
      At line 87 in file ..\..\..\..\..\Source\templates\arm\arm_startup_nrf51.
s
   Uses
      At line 31 in file ..\..\..\..\..\Source\templates\arm\arm_startup_nrf51.
s
Comment: __Vectors_Size used once
5 symbols



ARM Macro Assembler    Page 1 Alphabetic symbol ordering
External symbols

SystemInit 00000000

Symbol: SystemInit
   Definitions
      At line 98 in file ..\..\..\..\..\Source\templates\arm\arm_startup_nrf51.
s
   Uses
      At line 105 in file ..\..\..\..\..\Source\templates\arm\arm_startup_nrf51
.s
Comment: SystemInit used once
__main 00000000

Symbol: __main
   Definitions
      At line 99 in file ..\..\..\..\..\Source\templates\arm\arm_startup_nrf51.
s
   Uses
      At line 107 in file ..\..\..\..\..\Source\templates\arm\arm_startup_nrf51
.s
Comment: __main used once
__use_two_region_memory 00000000

Symbol: __use_two_region_memory
   Definitions
      At line 202 in file ..\..\..\..\..\Source\templates\arm\arm_startup_nrf51
.s
   Uses
      None
Comment: __use_two_region_memory unused
3 symbols
387 symbols in table
